<?xml version="1.0" encoding="UTF-8"?>
<coverage generated="1716272308633" clover="3.2.0">
  <project timestamp="1716272308633" name="All files">
    <metrics statements="9" coveredstatements="9" conditionals="3" coveredconditionals="3" methods="3" coveredmethods="3" elements="15" coveredelements="15" complexity="0" loc="9" ncloc="9" packages="1" files="3" classes="3"/>
    <file name="pow.ts" path="/Users/liepin/work/demos/monorepo-project/utils/tools/src/pow.ts">
      <metrics statements="3" coveredstatements="3" conditionals="1" coveredconditionals="1" methods="1" coveredmethods="1"/>
      <line num="1" count="1" type="cond" truecount="1" falsecount="0"/>
      <line num="2" count="1" type="stmt"/>
      <line num="3" count="1" type="stmt"/>
    </file>
    <file name="sub.ts" path="/Users/liepin/work/demos/monorepo-project/utils/tools/src/sub.ts">
      <metrics statements="3" coveredstatements="3" conditionals="1" coveredconditionals="1" methods="1" coveredmethods="1"/>
      <line num="1" count="1" type="cond" truecount="1" falsecount="0"/>
      <line num="2" count="1" type="stmt"/>
      <line num="3" count="1" type="stmt"/>
    </file>
    <file name="sum.ts" path="/Users/liepin/work/demos/monorepo-project/utils/tools/src/sum.ts">
      <metrics statements="3" coveredstatements="3" conditionals="1" coveredconditionals="1" methods="1" coveredmethods="1"/>
      <line num="1" count="1" type="cond" truecount="1" falsecount="0"/>
      <line num="2" count="1" type="stmt"/>
      <line num="3" count="1" type="stmt"/>
    </file>
  </project>
</coverage>
